2023/08/07 15:37:03.186945 Plugin para comunicación con impresoras térmicas 
Proudly brought to you by Parzibyte

Finalmente llegamos a la versión 3! espero que esta sea la última, por favor
Nota: ya existe la versión para Android: https://parzibyte.me/blog/2022/11/01/plugin-gratuito-impresoras-termicas-bluetooth-android/
No olvides leer mi blog si hay más actualizaciones o cosas interesantes:
==========================================
	https://parzibyte.me/blog
========================================== 
2023/08/07 15:37:03.186945 Escuchando en el puerto :8000.
2023/08/07 15:54:56.554314 error de servidor. El mensaje es: open \\DESKTOP-K9OEBJ7\ticketera: No se encuentra el nombre de red especificado.
2023/08/07 15:58:24.546431 error de servidor. El mensaje es: open \\DESKTOP-K9OEBJ7\ticketera: No se encuentra el nombre de red especificado.
2023/08/07 15:59:10.686093 error de servidor. El mensaje es: open \\DESKTOP-K9OEBJ7\tickeyyytera: No se encuentra el nombre de red especificado.
2023/08/07 16:28:58.966177 error de servidor. El mensaje es: open \\DESKTOP-K9OEBJ7\tickeyyytera: No se encuentra el nombre de red especificado.
2023/08/07 16:55:22.791581 error de servidor. El mensaje es: open \\DESKTOP-K9OEBJ7\ticketera: No se encuentra el nombre de red especificado.
2023/08/07 16:55:38.502728 error de servidor. El mensaje es: open \\DESKTOP-K9OEBJ7\ticketera: No se encuentra el nombre de red especificado.
2023/08/07 16:58:43.362104 error de servidor. El mensaje es: open \\DESKTOP-K9OEBJ7\ticketera: Acceso denegado.
2023/08/07 17:55:14.672586 error de servidor. El mensaje es: open \\DESKTOP-K9OEBJ7\ticketera: Acceso denegado.
2023/08/07 20:01:28.261506 error de servidor. El mensaje es: open \\DESKTOP-K9OEBJ7\ticketera: Acceso denegado.
2023/08/07 20:04:02.611459 error de servidor. El mensaje es: open \\DESKTOP-K9OEBJ7\ticketera: Acceso denegado.
2023/08/07 20:12:38.904735 Plugin para comunicación con impresoras térmicas 
Proudly brought to you by Parzibyte

Finalmente llegamos a la versión 3! espero que esta sea la última, por favor
Nota: ya existe la versión para Android: https://parzibyte.me/blog/2022/11/01/plugin-gratuito-impresoras-termicas-bluetooth-android/
No olvides leer mi blog si hay más actualizaciones o cosas interesantes:
==========================================
	https://parzibyte.me/blog
========================================== 
2023/08/07 20:12:38.904735 Escuchando en el puerto :8000.
2023/08/07 20:12:38.907428 listen tcp :8000: bind: Solo se permite un uso de cada dirección de socket (protocolo/dirección de red/puerto)
2023/08/07 20:12:41.999401 Plugin para comunicación con impresoras térmicas 
Proudly brought to you by Parzibyte

Finalmente llegamos a la versión 3! espero que esta sea la última, por favor
Nota: ya existe la versión para Android: https://parzibyte.me/blog/2022/11/01/plugin-gratuito-impresoras-termicas-bluetooth-android/
No olvides leer mi blog si hay más actualizaciones o cosas interesantes:
==========================================
	https://parzibyte.me/blog
========================================== 
2023/08/07 20:12:41.999401 Escuchando en el puerto :8000.
2023/08/07 20:12:42.001677 listen tcp :8000: bind: Solo se permite un uso de cada dirección de socket (protocolo/dirección de red/puerto)
2023/08/07 23:32:10.136132 Plugin para comunicación con impresoras térmicas 
Proudly brought to you by Parzibyte

Finalmente llegamos a la versión 3! espero que esta sea la última, por favor
Nota: ya existe la versión para Android: https://parzibyte.me/blog/2022/11/01/plugin-gratuito-impresoras-termicas-bluetooth-android/
No olvides leer mi blog si hay más actualizaciones o cosas interesantes:
==========================================
	https://parzibyte.me/blog
========================================== 
2023/08/07 23:32:10.136669 Escuchando en el puerto :8000.
2023/08/07 23:32:26.749711 Plugin para comunicación con impresoras térmicas 
Proudly brought to you by Parzibyte

Finalmente llegamos a la versión 3! espero que esta sea la última, por favor
Nota: ya existe la versión para Android: https://parzibyte.me/blog/2022/11/01/plugin-gratuito-impresoras-termicas-bluetooth-android/
No olvides leer mi blog si hay más actualizaciones o cosas interesantes:
==========================================
	https://parzibyte.me/blog
========================================== 
2023/08/07 23:32:26.749711 Escuchando en el puerto :8000.
2023/08/07 23:32:26.751842 listen tcp :8000: bind: Solo se permite un uso de cada dirección de socket (protocolo/dirección de red/puerto)
2023/08/08 00:22:47.371550 error de servidor. El mensaje es: open \\DESKTOP-K9OEBJ7\ticketera: Acceso denegado.
2023/08/08 09:43:51.944080 Plugin para comunicación con impresoras térmicas 
Proudly brought to you by Parzibyte

Finalmente llegamos a la versión 3! espero que esta sea la última, por favor
Nota: ya existe la versión para Android: https://parzibyte.me/blog/2022/11/01/plugin-gratuito-impresoras-termicas-bluetooth-android/
No olvides leer mi blog si hay más actualizaciones o cosas interesantes:
==========================================
	https://parzibyte.me/blog
========================================== 
2023/08/08 09:43:51.944590 Escuchando en el puerto :8000.
2023/08/08 15:14:03.776568 error de servidor. El mensaje es: open \\DESKTOP-K9OEBJ7\ticketera: Acceso denegado.
2023/08/08 15:18:08.075889 error de servidor. El mensaje es: open \\DESKTOP-K9OEBJ7\ticketera: Acceso denegado.
2023/08/08 15:18:13.433506 error de servidor. El mensaje es: open \\DESKTOP-K9OEBJ7\ticketera: Acceso denegado.
2023/08/08 15:18:17.166662 error de servidor. El mensaje es: open \\DESKTOP-K9OEBJ7\ticketera: Acceso denegado.
2023/08/08 15:24:00.924605 error de servidor. El mensaje es: open \\DESKTOP-K9OEBJ7\Microsoft XPS Document Writer: No se encuentra el nombre de red especificado.
2023/08/08 15:24:10.732296 error de servidor. El mensaje es: open \\DESKTOP-K9OEBJ7\AnyDesk Printer: No se encuentra el nombre de red especificado.
2023/08/08 15:24:17.171091 error de servidor. El mensaje es: open \\DESKTOP-K9OEBJ7\Fax: No se encuentra el nombre de red especificado.
2023/08/08 15:24:23.500631 error de servidor. El mensaje es: open \\DESKTOP-K9OEBJ7\Enviar a OneNote 2010: No se encuentra el nombre de red especificado.
2023/08/08 15:26:04.415292 error de servidor. El mensaje es: open \\DESKTOP-K9OEBJ7\ticketera: Acceso denegado.
2023/08/12 09:21:51.304879 Plugin para comunicación con impresoras térmicas 
Proudly brought to you by Parzibyte

Finalmente llegamos a la versión 3! espero que esta sea la última, por favor
Nota: ya existe la versión para Android: https://parzibyte.me/blog/2022/11/01/plugin-gratuito-impresoras-termicas-bluetooth-android/
No olvides leer mi blog si hay más actualizaciones o cosas interesantes:
==========================================
	https://parzibyte.me/blog
========================================== 
2023/08/12 09:21:51.305871 Escuchando en el puerto :8000.
2023/08/12 09:27:54.678237 error de servidor. El mensaje es: open \\DESKTOP-K9OEBJ7\: La ruta de acceso especificada no es válida.
2023/08/12 09:31:07.945361 error de servidor. El mensaje es: open \\DESKTOP-K9OEBJ7\ticketera: Acceso denegado.
2023/08/12 09:39:18.565693 error de servidor. El mensaje es: open \\DESKTOP-K9OEBJ7\Microsoft XPS Document Writer: No se encuentra el nombre de red especificado.
2023/08/12 10:18:01.236350 error de servidor. El mensaje es: open \\DESKTOP-K9OEBJ7\Microsoft XPS Document Writer: No se encuentra el nombre de red especificado.
2023/08/15 11:37:42.719247 Plugin para comunicación con impresoras térmicas 
Proudly brought to you by Parzibyte

Finalmente llegamos a la versión 3! espero que esta sea la última, por favor
Nota: ya existe la versión para Android: https://parzibyte.me/blog/2022/11/01/plugin-gratuito-impresoras-termicas-bluetooth-android/
No olvides leer mi blog si hay más actualizaciones o cosas interesantes:
==========================================
	https://parzibyte.me/blog
========================================== 
2023/08/15 11:37:42.719758 Escuchando en el puerto :8000.
2023/08/15 11:38:15.453747 error de servidor. El mensaje es: open \\DESKTOP-K9OEBJ7\ticketera: Acceso denegado.
2023/08/15 11:44:10.902005 error de servidor. El mensaje es: open \\DESKTOP-K9OEBJ7\Fax: No se encuentra el nombre de red especificado.
2023/08/15 12:07:38.025609 error de servidor. El mensaje es: open \\DESKTOP-K9OEBJ7\ticketera: Acceso denegado.
2023/08/15 12:11:18.193956 error de servidor. El mensaje es: open \\DESKTOP-K9OEBJ7\ticketera: Acceso denegado.
2023/08/15 12:14:40.376513 error de servidor. El mensaje es: open \\DESKTOP-K9OEBJ7\Fax: No se encuentra el nombre de red especificado.
2023/08/15 12:20:15.215441 error de servidor. El mensaje es: open \\DESKTOP-K9OEBJ7\ticketera: Acceso denegado.
2023/08/15 12:21:40.205124 error de servidor. El mensaje es: open \\DESKTOP-K9OEBJ7\Fax: No se encuentra el nombre de red especificado.
2023/08/15 12:27:09.996136 error de servidor. El mensaje es: open \\DESKTOP-K9OEBJ7\OneNote for Windows 10: No se encuentra el nombre de red especificado.
2023/08/15 12:28:56.121861 error de servidor. El mensaje es: open \\DESKTOP-K9OEBJ7\Fax: No se encuentra el nombre de red especificado.
2023/08/15 12:38:09.105744 error de servidor. El mensaje es: open \\DESKTOP-K9OEBJ7\Fax: No se encuentra el nombre de red especificado.
2023/08/15 12:40:18.498003 error de servidor. El mensaje es: open \\DESKTOP-K9OEBJ7\ticketera: Acceso denegado.
2023/08/15 12:58:55.534625 error de servidor. El mensaje es: open \\DESKTOP-K9OEBJ7\ticketera: Acceso denegado.
2023/08/15 13:00:23.683213 error de servidor. El mensaje es: open \\DESKTOP-K9OEBJ7\ticketera: Acceso denegado.
2023/08/15 17:03:41.492691 error de servidor. El mensaje es: open \\DESKTOP-K9OEBJ7\Microsoft XPS Document Writer: No se encuentra el nombre de red especificado.
2023/08/15 17:10:19.341772 error de servidor. El mensaje es: open \\DESKTOP-K9OEBJ7\ticketera: Acceso denegado.
2023/08/15 17:15:42.142648 error de servidor. El mensaje es: open \\DESKTOP-K9OEBJ7\Microsoft XPS Document Writer: No se encuentra el nombre de red especificado.
2023/08/15 17:17:18.022160 error de servidor. El mensaje es: open \\DESKTOP-K9OEBJ7\ticketera: Acceso denegado.
2023/08/15 22:19:59.434903 error de servidor. El mensaje es: open \\DESKTOP-K9OEBJ7\ticketera: Acceso denegado.
2023/08/16 00:14:39.961229 error de servidor. El mensaje es: open \\DESKTOP-K9OEBJ7\ticketera: Acceso denegado.
2023/08/29 00:29:08.600477 Plugin para comunicación con impresoras térmicas 
Proudly brought to you by Parzibyte

Finalmente llegamos a la versión 3! espero que esta sea la última, por favor
Nota: ya existe la versión para Android: https://parzibyte.me/blog/2022/11/01/plugin-gratuito-impresoras-termicas-bluetooth-android/
No olvides leer mi blog si hay más actualizaciones o cosas interesantes:
==========================================
	https://parzibyte.me/blog
========================================== 
2023/08/29 00:29:08.601009 Escuchando en el puerto :8000.
2023/08/29 00:29:47.396979 error de servidor. El mensaje es: open \\DESKTOP-K9OEBJ7\ticketera: Acceso denegado.
