2024/07/03 17:05:02.757511 Plugin para comunicación con impresoras térmicas 
Proudly brought to you by Parzibyte

Finalmente llegamos a la versión 3! espero que esta sea la última, por favor
Nota: ya existe la versión para Android: https://parzibyte.me/blog/2022/11/01/plugin-gratuito-impresoras-termicas-bluetooth-android/
No olvides leer mi blog si hay más actualizaciones o cosas interesantes:
==========================================
	https://parzibyte.me/blog
========================================== 
2024/07/03 17:05:02.757511 Escuchando en el puerto :8000.
2024/07/05 18:10:57.396232 Plugin para comunicación con impresoras térmicas 
Proudly brought to you by Parzibyte

Finalmente llegamos a la versión 3! espero que esta sea la última, por favor
Nota: ya existe la versión para Android: https://parzibyte.me/blog/2022/11/01/plugin-gratuito-impresoras-termicas-bluetooth-android/
No olvides leer mi blog si hay más actualizaciones o cosas interesantes:
==========================================
	https://parzibyte.me/blog
========================================== 
2024/07/05 18:10:57.397850 Escuchando en el puerto :8000.
2024/07/05 18:11:26.818904 Plugin para comunicación con impresoras térmicas 
Proudly brought to you by Parzibyte

Finalmente llegamos a la versión 3! espero que esta sea la última, por favor
Nota: ya existe la versión para Android: https://parzibyte.me/blog/2022/11/01/plugin-gratuito-impresoras-termicas-bluetooth-android/
No olvides leer mi blog si hay más actualizaciones o cosas interesantes:
==========================================
	https://parzibyte.me/blog
========================================== 
2024/07/05 18:11:26.818904 Escuchando en el puerto :8000.
2024/07/05 18:11:26.820989 listen tcp :8000: bind: Solo se permite un uso de cada dirección de socket (protocolo/dirección de red/puerto)
